[debug] [2025-04-01T20:44:39.213Z] ----------------------------------------------------------------------
[debug] [2025-04-01T20:44:39.218Z] Command:       /opt/homebrew/Cellar/node/23.6.1/bin/node /opt/homebrew/bin/firebase init hosting
[debug] [2025-04-01T20:44:39.218Z] CLI Version:   14.0.1
[debug] [2025-04-01T20:44:39.218Z] Platform:      darwin
[debug] [2025-04-01T20:44:39.218Z] Node Version:  v23.6.1
[debug] [2025-04-01T20:44:39.219Z] Time:          Tue Apr 01 2025 16:44:39 GMT-0400 (Atlantic Standard Time)
[debug] [2025-04-01T20:44:39.219Z] ----------------------------------------------------------------------
[debug] 
[debug] [2025-04-01T20:44:39.223Z] > command requires scopes: ["email","openid","https://www.googleapis.com/auth/cloudplatformprojects.readonly","https://www.googleapis.com/auth/firebase","https://www.googleapis.com/auth/cloud-platform"]
[debug] [2025-04-01T20:44:39.223Z] > authorizing via signed-in user (eroche@socialbrands.ai)
[info] 
     ######## #### ########  ######## ########     ###     ######  ########
     ##        ##  ##     ## ##       ##     ##  ##   ##  ##       ##
     ######    ##  ########  ######   ########  #########  ######  ######
     ##        ##  ##    ##  ##       ##     ## ##     ##       ## ##
     ##       #### ##     ## ######## ########  ##     ##  ######  ########

You're about to initialize a Firebase project in this directory:

  /Users/admin/project-name

[info] 
=== Project Setup
[info] 
[info] First, let's associate this project directory with a Firebase project.
[info] You can create multiple project aliases by running firebase use --add, 
[info] but for now we'll just set up a default project.
[info] 
[debug] [2025-04-01T20:45:31.303Z] Checked if tokens are valid: false, expires at: 1743531631131
[debug] [2025-04-01T20:45:31.305Z] Checked if tokens are valid: false, expires at: 1743531631131
[debug] [2025-04-01T20:45:31.305Z] > refreshing access token with scopes: []
[debug] [2025-04-01T20:45:31.307Z] >>> [apiv2][query] POST https://www.googleapis.com/oauth2/v3/token [none]
[debug] [2025-04-01T20:45:31.307Z] >>> [apiv2][body] POST https://www.googleapis.com/oauth2/v3/token [omitted]
[debug] [2025-04-01T20:45:31.729Z] <<< [apiv2][status] POST https://www.googleapis.com/oauth2/v3/token 200
[debug] [2025-04-01T20:45:31.729Z] <<< [apiv2][body] POST https://www.googleapis.com/oauth2/v3/token [omitted]
[debug] [2025-04-01T20:45:31.747Z] >>> [apiv2][query] GET https://firebase.googleapis.com/v1beta1/projects pageSize=100
[debug] [2025-04-01T20:45:32.378Z] <<< [apiv2][status] GET https://firebase.googleapis.com/v1beta1/projects 200
[debug] [2025-04-01T20:45:32.378Z] <<< [apiv2][body] GET https://firebase.googleapis.com/v1beta1/projects [omitted]
[info] i  Using project erudite-creek-431302-q3 (Social Brands Projects) 
[info] 
=== Hosting Setup
[debug] [2025-04-01T20:45:41.763Z] Checked if tokens are valid: true, expires at: 1743543930729
[debug] [2025-04-01T20:45:41.763Z] Checked if tokens are valid: true, expires at: 1743543930729
[debug] [2025-04-01T20:45:41.763Z] >>> [apiv2][query] GET https://firebase.googleapis.com/v1beta1/projects/erudite-creek-431302-q3 [none]
[debug] [2025-04-01T20:45:42.189Z] <<< [apiv2][status] GET https://firebase.googleapis.com/v1beta1/projects/erudite-creek-431302-q3 200
[debug] [2025-04-01T20:45:42.189Z] <<< [apiv2][body] GET https://firebase.googleapis.com/v1beta1/projects/erudite-creek-431302-q3 {"projectId":"erudite-creek-431302-q3","projectNumber":"744217150021","displayName":"Social Brands Projects","name":"projects/erudite-creek-431302-q3","resources":{"hostingSite":"erudite-creek-431302-q3","locationId":"us-central"},"state":"ACTIVE","etag":"1_610c8ae5-3fa4-4a05-ad43-5bc807e6fe06"}
[info] 
[info] Your public directory is the folder (relative to your project directory) that
[info] will contain Hosting assets to be uploaded with firebase deploy. If you
[info] have a build process for your assets, use your build's output directory.
[info] 
